Release 14.4 Map P.49d (nt)
Xilinx Mapping Report File for Design 'vga_display'

Design Information
------------------
Command Line   : map -intstyle ise -p xc7a100t-csg324-3 -w -logic_opt off -ol
high -t 1 -xt 0 -register_duplication off -r 4 -mt off -ir off -pr off -lc off
-power off -o vga_display_map.ncd vga_display.ngd vga_display.pcf 
Target Device  : xc7a100t
Target Package : csg324
Target Speed   : -3
Mapper Version : artix7 -- $Revision: 1.55 $
Mapped Date    : Sat Dec 08 16:41:18 2018

Design Summary
--------------
Number of errors   :   4
Number of warnings :   1

Section 1 - Errors
------------------
ERROR:MapLib:30 - LOC constraint P7 on VS is invalid: No such site on the
   device. To bypass this error set the environment variable 'XIL_MAP_LOCWARN'.
ERROR:MapLib:30 - LOC constraint N7 on R<2> is invalid: No such site on the
   device. To bypass this error set the environment variable 'XIL_MAP_LOCWARN'.
ERROR:MapLib:30 - LOC constraint P8 on G<0> is invalid: No such site on the
   device. To bypass this error set the environment variable 'XIL_MAP_LOCWARN'.
ERROR:MapLib:30 - LOC constraint T7 on B<1> is invalid: No such site on the
   device. To bypass this error set the environment variable 'XIL_MAP_LOCWARN'.

Section 2 - Warnings
--------------------
WARNING:Security:43 - No license file was found in the standard Xilinx license
directory.
WARNING:Security:44 - Since no license file was found,
WARNING:Security:42 - Your software subscription period has lapsed. Your current
version of Xilinx tools will continue to function, but you no longer qualify for
Xilinx software updates or new releases.
WARNING:LIT:701 - PAD symbol "clk" has an undefined IOSTANDARD.

Section 3 - Informational
-------------------------
INFO:Security:50 - The XILINXD_LICENSE_FILE environment variable is set to
'2100@XilinxLM.bu.edu'.
INFO:Security:53 - The LM_LICENSE_FILE environment variable is not set.
INFO:Security:54 - 'xc7a100t' is a WebPack part.

Section 4 - Removed Logic Summary
---------------------------------

Section 5 - Removed Logic
-------------------------
